[22:34:13.444] [32mINFO[39m (29184): [36mServer listening[39m
    [35mport[39m: 3000
[22:34:29.604] [32mINFO[39m (29184): [36mrequest completed[39m
    [35mreq[39m: {
      "id": 1,
      "method": "GET",
      "url": "/api/healthz"
    }
    [35mres[39m: {
      "statusCode": 200
    }
    [35mresponseTime[39m: 10
[22:35:35.801] [32mINFO[39m (29184): [36mrequest completed[39m
    [35mreq[39m: {
      "id": 2,
      "method": "GET",
      "url": "/api/healthz"
    }
    [35mres[39m: {
      "statusCode": 200
    }
    [35mresponseTime[39m: 1
[22:35:51.998] [32mINFO[39m (29184): [36mrequest completed[39m
    [35mreq[39m: {
      "id": 3,
      "method": "GET",
      "url": "/api/healthz"
    }
    [35mres[39m: {
      "statusCode": 200
    }
    [35mresponseTime[39m: 1
[22:42:14.883] [32mINFO[39m (29184): [36mrequest completed[39m
    [35mreq[39m: {
      "id": 4,
      "method": "GET",
      "url": "/api/healthz"
    }
    [35mres[39m: {
      "statusCode": 304
    }
    [35mresponseTime[39m: 2
[22:44:37.829] [32mINFO[39m (29184): [36mrequest completed[39m
    [35mreq[39m: {
      "id": 5,
      "method": "GET",
      "url": "/api/healthz"
    }
    [35mres[39m: {
      "statusCode": 304
    }
    [35mresponseTime[39m: 2
[22:57:57.855] [32mINFO[39m (29184): [36mrequest completed[39m
    [35mreq[39m: {
      "id": 6,
      "method": "GET",
      "url": "/api/healthz"
    }
    [35mres[39m: {
      "statusCode": 304
    }
    [35mresponseTime[39m: 1
[23:01:08.126] [32mINFO[39m (29184): [36mrequest completed[39m
    [35mreq[39m: {
      "id": 7,
      "method": "GET",
      "url": "/api/healthz"
    }
    [35mres[39m: {
      "statusCode": 304
    }
    [35mresponseTime[39m: 1
[23:10:12.586] [32mINFO[39m (29184): [36mrequest completed[39m
    [35mreq[39m: {
      "id": 8,
      "method": "GET",
      "url": "/api/healthz"
    }
    [35mres[39m: {
      "statusCode": 304
    }
    [35mresponseTime[39m: 1
[23:12:31.777] [32mINFO[39m (29184): [36mrequest completed[39m
    [35mreq[39m: {
      "id": 9,
      "method": "GET",
      "url": "/api/healthz"
    }
    [35mres[39m: {
      "statusCode": 304
    }
    [35mresponseTime[39m: 1
[23:18:31.860] [32mINFO[39m (29184): [36mrequest completed[39m
    [35mreq[39m: {
      "id": 10,
      "method": "GET",
      "url": "/api/healthz"
    }
    [35mres[39m: {
      "statusCode": 304
    }
    [35mresponseTime[39m: 2
[23:49:22.367] [32mINFO[39m (29184): [36mrequest completed[39m
    [35mreq[39m: {
      "id": 11,
      "method": "GET",
      "url": "/api/healthz"
    }
    [35mres[39m: {
      "statusCode": 304
    }
    [35mresponseTime[39m: 1
[23:49:36.327] [32mINFO[39m (29184): [36mrequest completed[39m
    [35mreq[39m: {
      "id": 12,
      "method": "GET",
      "url": "/api/healthz"
    }
    [35mres[39m: {
      "statusCode": 304
    }
    [35mresponseTime[39m: 1
[23:52:04.849] [32mINFO[39m (29184): [36mrequest completed[39m
    [35mreq[39m: {
      "id": 13,
      "method": "GET",
      "url": "/api/healthz"
    }
    [35mres[39m: {
      "statusCode": 304
    }
    [35mresponseTime[39m: 1
[23:52:07.849] [32mINFO[39m (29184): [36mrequest completed[39m
    [35mreq[39m: {
      "id": 14,
      "method": "GET",
      "url": "/api/healthz"
    }
    [35mres[39m: {
      "statusCode": 304
    }
    [35mresponseTime[39m: 1
[23:52:50.131] [32mINFO[39m (29184): [36mrequest completed[39m
    [35mreq[39m: {
      "id": 15,
      "method": "GET",
      "url": "/api/healthz"
    }
    [35mres[39m: {
      "statusCode": 304
    }
    [35mresponseTime[39m: 0
