[RUNTIME_ERROR]{"type":"runtime-error","timestamp":1775496393829,"name":"Error","message":"cn is not defined","stack":"    at ChartsSection C:/Users/HP/Desktop/nexora/artifacts/fintech-dashboard/src/components/dashboard/ChartsSection.tsx:116:26\n\n\n\n\n\n\n\n\n","loc":{"line":116,"column":26,"file":"C:/Users/HP/Desktop/nexora/artifacts/fintech-dashboard/src/components/dashboard/ChartsSection.tsx"},"frame":"114|          className=\"md:col-span-4 lg:col-span-5\"\n115|        >\n116|          <Card className={cn(\"h-full hover:border-slate-600/50 transition-colors\", theme === \"dark\" ? \"bg-[#1e293b]/80 border-slate-700/50\" : \"bg-white border-slate-200\")}>\n   |                           ^\n117|            <CardHeader className=\"pb-4\">\n118|              <CardTitle className={cn(\"text-base font-semibold\", theme === \"dark\" ? \"text-slate-200\" : \"text-slate-900\")}>Monthly Overview</CardTitle>"}
[RUNTIME_ERROR]{"type":"runtime-error","timestamp":1775496396849,"name":"Error","message":"cn is not defined","stack":"    at ChartsSection C:/Users/HP/Desktop/nexora/artifacts/fintech-dashboard/src/components/dashboard/ChartsSection.tsx:116:26\n\n\n\n\n\n\n\n\n","loc":{"line":116,"column":26,"file":"C:/Users/HP/Desktop/nexora/artifacts/fintech-dashboard/src/components/dashboard/ChartsSection.tsx"},"frame":"114|          className=\"md:col-span-4 lg:col-span-5\"\n115|        >\n116|          <Card className={cn(\"h-full hover:border-slate-600/50 transition-colors\", theme === \"dark\" ? \"bg-[#1e293b]/80 border-slate-700/50\" : \"bg-white border-slate-200\")}>\n   |                           ^\n117|            <CardHeader className=\"pb-4\">\n118|              <CardTitle className={cn(\"text-base font-semibold\", theme === \"dark\" ? \"text-slate-200\" : \"text-slate-900\")}>Monthly Overview</CardTitle>"}
[2m10:56:41 pm[22m [33m[1m[vite][22m[39m [33m[2m(client)[22m[39m [33mwarning: [33mDuplicate "className" attribute in JSX element[33m
42 |            <div key={index} className="flex items-center justify-between gap-4 text-sm">
43 |                <div className="flex items-center gap-2">
44 |  ...olor: entry.color, boxShadow: `0 0 0 1px ${entry.color}` }} className={cn("ring-slate-900", theme === "light" && "...
   |                                                                 ^
45 |                  <span className={cn("font-medium", theme === "dark" ? "text-slate-400" : "text-slate-600")}>{entry.na...
46 |                </div>
[39m
  Plugin: [35mvite:esbuild[39m
  File: [36mC:/Users/HP/Desktop/nexora/artifacts/fintech-dashboard/src/components/dashboard/ChartsSection.tsx[39m
[RUNTIME_ERROR]{"type":"runtime-error","timestamp":1775496401849,"name":"Error","message":"cn is not defined","stack":"    at ChartsSection C:/Users/HP/Desktop/nexora/artifacts/fintech-dashboard/src/components/dashboard/ChartsSection.tsx:116:26\n\n\n\n\n\n\n\n\n","loc":{"line":116,"column":26,"file":"C:/Users/HP/Desktop/nexora/artifacts/fintech-dashboard/src/components/dashboard/ChartsSection.tsx"},"frame":"114|          className=\"md:col-span-4 lg:col-span-5\"\n115|        >\n116|          <Card className={cn(\"h-full hover:border-slate-600/50 transition-colors\", theme === \"dark\" ? \"bg-[#1e293b]/80 border-slate-700/50\" : \"bg-white border-slate-200\")}>\n   |                           ^\n117|            <CardHeader className=\"pb-4\">\n118|              <CardTitle className={cn(\"text-base font-semibold\", theme === \"dark\" ? \"text-slate-200\" : \"text-slate-900\")}>Monthly Overview</CardTitle>"}
[2m10:56:42 pm[22m [33m[1m[vite][22m[39m [33m[2m(client)[22m[39m [33mwarning: [33mDuplicate "className" attribute in JSX element[33m
42 |            <div key={index} className="flex items-center justify-between gap-4 text-sm">
43 |                <div className="flex items-center gap-2">
44 |  ...olor: entry.color, boxShadow: `0 0 0 1px ${entry.color}` }} className={cn("ring-slate-900", theme === "light" && "...
   |                                                                 ^
45 |                  <span className={cn("font-medium", theme === "dark" ? "text-slate-400" : "text-slate-600")}>{entry.na...
46 |                </div>
[39m
  Plugin: [35mvite:esbuild[39m
  File: [36mC:/Users/HP/Desktop/nexora/artifacts/fintech-dashboard/src/components/dashboard/ChartsSection.tsx[39m
[RUNTIME_ERROR]{"type":"runtime-error","timestamp":1775496402852,"name":"Error","message":"cn is not defined","stack":"    at ChartsSection C:/Users/HP/Desktop/nexora/artifacts/fintech-dashboard/src/components/dashboard/ChartsSection.tsx:116:26\n\n\n\n\n\n\n\n\n","loc":{"line":116,"column":26,"file":"C:/Users/HP/Desktop/nexora/artifacts/fintech-dashboard/src/components/dashboard/ChartsSection.tsx"},"frame":"114|          className=\"md:col-span-4 lg:col-span-5\"\n115|        >\n116|          <Card className={cn(\"h-full hover:border-slate-600/50 transition-colors\", theme === \"dark\" ? \"bg-[#1e293b]/80 border-slate-700/50\" : \"bg-white border-slate-200\")}>\n   |                           ^\n117|            <CardHeader className=\"pb-4\">\n118|              <CardTitle className={cn(\"text-base font-semibold\", theme === \"dark\" ? \"text-slate-200\" : \"text-slate-900\")}>Monthly Overview</CardTitle>"}
[2m10:56:45 pm[22m [33m[1m[vite][22m[39m [33m[2m(client)[22m[39m [33mwarning: [33mDuplicate "className" attribute in JSX element[33m
42 |            <div key={index} className="flex items-center justify-between gap-4 text-sm">
43 |                <div className="flex items-center gap-2">
44 |  ...olor: entry.color, boxShadow: `0 0 0 1px ${entry.color}` }} className={cn("ring-slate-900", theme === "light" && "...
   |                                                                 ^
45 |                  <span className={cn("font-medium", theme === "dark" ? "text-slate-400" : "text-slate-600")}>{entry.na...
46 |                </div>
[39m
  Plugin: [35mvite:esbuild[39m
  File: [36mC:/Users/HP/Desktop/nexora/artifacts/fintech-dashboard/src/components/dashboard/ChartsSection.tsx[39m
[RUNTIME_ERROR]{"type":"runtime-error","timestamp":1775496406853,"name":"Error","message":"cn is not defined","stack":"    at ChartsSection C:/Users/HP/Desktop/nexora/artifacts/fintech-dashboard/src/components/dashboard/ChartsSection.tsx:117:26\n\n\n\n\n\n\n\n\n","loc":{"line":117,"column":26,"file":"C:/Users/HP/Desktop/nexora/artifacts/fintech-dashboard/src/components/dashboard/ChartsSection.tsx"},"frame":"115|          className=\"md:col-span-4 lg:col-span-5\"\n116|        >\n117|          <Card className={cn(\"h-full hover:border-slate-600/50 transition-colors\", theme === \"dark\" ? \"bg-[#1e293b]/80 border-slate-700/50\" : \"bg-white border-slate-200\")}>\n   |                           ^\n118|            <CardHeader className=\"pb-4\">\n119|              <CardTitle className={cn(\"text-base font-semibold\", theme === \"dark\" ? \"text-slate-200\" : \"text-slate-900\")}>Monthly Overview</CardTitle>"}
[2m10:56:50 pm[22m [33m[1m[vite][22m[39m [33m[2m(client)[22m[39m [33mwarning: [33mDuplicate "className" attribute in JSX element[33m
42 |            <div key={index} className="flex items-center justify-between gap-4 text-sm">
43 |                <div className="flex items-center gap-2">
44 |  ...olor: entry.color, boxShadow: `0 0 0 1px ${entry.color}` }} className={cn("ring-slate-900", theme === "light" && "...
   |                                                                 ^
45 |                  <span className={cn("font-medium", theme === "dark" ? "text-slate-400" : "text-slate-600")}>{entry.na...
46 |                </div>
[39m
  Plugin: [35mvite:esbuild[39m
  File: [36mC:/Users/HP/Desktop/nexora/artifacts/fintech-dashboard/src/components/dashboard/ChartsSection.tsx[39m
[RUNTIME_ERROR]{"type":"runtime-error","timestamp":1775496410844,"name":"Error","message":"cn is not defined","stack":"    at ChartsSection C:/Users/HP/Desktop/nexora/artifacts/fintech-dashboard/src/components/dashboard/ChartsSection.tsx:117:26\n\n\n\n\n\n\n\n\n","loc":{"line":117,"column":26,"file":"C:/Users/HP/Desktop/nexora/artifacts/fintech-dashboard/src/components/dashboard/ChartsSection.tsx"},"frame":"115|          className=\"md:col-span-4 lg:col-span-5\"\n116|        >\n117|          <Card className={cn(\"h-full hover:border-slate-600/50 transition-colors\", theme === \"dark\" ? \"bg-[#1e293b]/80 border-slate-700/50\" : \"bg-white border-slate-200\")}>\n   |                           ^\n118|            <CardHeader className=\"pb-4\">\n119|              <CardTitle className={cn(\"text-base font-semibold\", theme === \"dark\" ? \"text-slate-200\" : \"text-slate-900\")}>Monthly Overview</CardTitle>"}
[2m10:56:51 pm[22m [33m[1m[vite][22m[39m [33m[2m(client)[22m[39m [33mwarning: [33mDuplicate "className" attribute in JSX element[33m
42 |            <div key={index} className="flex items-center justify-between gap-4 text-sm">
43 |                <div className="flex items-center gap-2">
44 |  ...olor: entry.color, boxShadow: `0 0 0 1px ${entry.color}` }} className={cn("ring-slate-900", theme === "light" && "...
   |                                                                 ^
45 |                  <span className={cn("font-medium", theme === "dark" ? "text-slate-400" : "text-slate-600")}>{entry.na...
46 |                </div>
[39m
  Plugin: [35mvite:esbuild[39m
  File: [36mC:/Users/HP/Desktop/nexora/artifacts/fintech-dashboard/src/components/dashboard/ChartsSection.tsx[39m
[RUNTIME_ERROR]{"type":"runtime-error","timestamp":1775496412844,"name":"Error","message":"cn is not defined","stack":"    at ChartsSection C:/Users/HP/Desktop/nexora/artifacts/fintech-dashboard/src/components/dashboard/ChartsSection.tsx:117:26\n\n\n\n\n\n\n\n\n","loc":{"line":117,"column":26,"file":"C:/Users/HP/Desktop/nexora/artifacts/fintech-dashboard/src/components/dashboard/ChartsSection.tsx"},"frame":"115|          className=\"md:col-span-4 lg:col-span-5\"\n116|        >\n117|          <Card className={cn(\"h-full hover:border-slate-600/50 transition-colors\", theme === \"dark\" ? \"bg-[#1e293b]/80 border-slate-700/50\" : \"bg-white border-slate-200\")}>\n   |                           ^\n118|            <CardHeader className=\"pb-4\">\n119|              <CardTitle className={cn(\"text-base font-semibold\", theme === \"dark\" ? \"text-slate-200\" : \"text-slate-900\")}>Monthly Overview</CardTitle>"}
[2m10:56:55 pm[22m [33m[1m[vite][22m[39m [33m[2m(client)[22m[39m [33mwarning: [33mDuplicate "className" attribute in JSX element[33m
42 |            <div key={index} className="flex items-center justify-between gap-4 text-sm">
43 |                <div className="flex items-center gap-2">
44 |  ...olor: entry.color, boxShadow: `0 0 0 1px ${entry.color}` }} className={cn("ring-slate-900", theme === "light" && "...
   |                                                                 ^
45 |                  <span className={cn("font-medium", theme === "dark" ? "text-slate-400" : "text-slate-600")}>{entry.na...
46 |                </div>
[39m
  Plugin: [35mvite:esbuild[39m
  File: [36mC:/Users/HP/Desktop/nexora/artifacts/fintech-dashboard/src/components/dashboard/ChartsSection.tsx[39m
[RUNTIME_ERROR]{"type":"runtime-error","timestamp":1775496415851,"name":"Error","message":"cn is not defined","stack":"    at ChartsSection C:/Users/HP/Desktop/nexora/artifacts/fintech-dashboard/src/components/dashboard/ChartsSection.tsx:117:26\n\n\n\n\n\n\n\n\n","loc":{"line":117,"column":26,"file":"C:/Users/HP/Desktop/nexora/artifacts/fintech-dashboard/src/components/dashboard/ChartsSection.tsx"},"frame":"115|          className=\"md:col-span-4 lg:col-span-5\"\n116|        >\n117|          <Card className={cn(\"h-full hover:border-slate-600/50 transition-colors\", theme === \"dark\" ? \"bg-[#1e293b]/80 border-slate-700/50\" : \"bg-white border-slate-200\")}>\n   |                           ^\n118|            <CardHeader className=\"pb-4\">\n119|              <CardTitle className={cn(\"text-base font-semibold\", theme === \"dark\" ? \"text-slate-200\" : \"text-slate-900\")}>Monthly Overview</CardTitle>"}
[RUNTIME_ERROR]{"type":"runtime-error","timestamp":1775496422874,"name":"Error","message":"cn is not defined","stack":"    at ChartsSection C:/Users/HP/Desktop/nexora/artifacts/fintech-dashboard/src/components/dashboard/ChartsSection.tsx:117:26\n\n\n\n\n\n\n\n\n","loc":{"line":117,"column":26,"file":"C:/Users/HP/Desktop/nexora/artifacts/fintech-dashboard/src/components/dashboard/ChartsSection.tsx"},"frame":"115|          className=\"md:col-span-4 lg:col-span-5\"\n116|        >\n117|          <Card className={cn(\"h-full hover:border-slate-600/50 transition-colors\", theme === \"dark\" ? \"bg-[#1e293b]/80 border-slate-700/50\" : \"bg-white border-slate-200\")}>\n   |                           ^\n118|            <CardHeader className=\"pb-4\">\n119|              <CardTitle className={cn(\"text-base font-semibold\", theme === \"dark\" ? \"text-slate-200\" : \"text-slate-900\")}>Monthly Overview</CardTitle>"}
[RUNTIME_ERROR]{"type":"runtime-error","timestamp":1775496423837,"name":"Error","message":"cn is not defined","stack":"    at ChartsSection C:/Users/HP/Desktop/nexora/artifacts/fintech-dashboard/src/components/dashboard/ChartsSection.tsx:117:26\n\n\n\n\n\n\n\n\n","loc":{"line":117,"column":26,"file":"C:/Users/HP/Desktop/nexora/artifacts/fintech-dashboard/src/components/dashboard/ChartsSection.tsx"},"frame":"115|          className=\"md:col-span-4 lg:col-span-5\"\n116|        >\n117|          <Card className={cn(\"h-full hover:border-slate-600/50 transition-colors\", theme === \"dark\" ? \"bg-[#1e293b]/80 border-slate-700/50\" : \"bg-white border-slate-200\")}>\n   |                           ^\n118|            <CardHeader className=\"pb-4\">\n119|              <CardTitle className={cn(\"text-base font-semibold\", theme === \"dark\" ? \"text-slate-200\" : \"text-slate-900\")}>Monthly Overview</CardTitle>"}
[RUNTIME_ERROR]{"type":"runtime-error","timestamp":1775496428842,"name":"Error","message":"cn is not defined","stack":"    at ChartsSection C:/Users/HP/Desktop/nexora/artifacts/fintech-dashboard/src/components/dashboard/ChartsSection.tsx:117:26\n\n\n\n\n\n\n\n\n","loc":{"line":117,"column":26,"file":"C:/Users/HP/Desktop/nexora/artifacts/fintech-dashboard/src/components/dashboard/ChartsSection.tsx"},"frame":"115|          className=\"md:col-span-4 lg:col-span-5\"\n116|        >\n117|          <Card className={cn(\"h-full hover:border-slate-600/50 transition-colors\", theme === \"dark\" ? \"bg-[#1e293b]/80 border-slate-700/50\" : \"bg-white border-slate-200\")}>\n   |                           ^\n118|            <CardHeader className=\"pb-4\">\n119|              <CardTitle className={cn(\"text-base font-semibold\", theme === \"dark\" ? \"text-slate-200\" : \"text-slate-900\")}>Monthly Overview</CardTitle>"}
[RUNTIME_ERROR]{"type":"runtime-error","timestamp":1775496432832,"name":"Error","message":"cn is not defined","stack":"    at ChartsSection C:/Users/HP/Desktop/nexora/artifacts/fintech-dashboard/src/components/dashboard/ChartsSection.tsx:117:26\n\n\n\n\n\n\n\n\n","loc":{"line":117,"column":26,"file":"C:/Users/HP/Desktop/nexora/artifacts/fintech-dashboard/src/components/dashboard/ChartsSection.tsx"},"frame":"115|          className=\"md:col-span-4 lg:col-span-5\"\n116|        >\n117|          <Card className={cn(\"h-full hover:border-slate-600/50 transition-colors\", theme === \"dark\" ? \"bg-[#1e293b]/80 border-slate-700/50\" : \"bg-white border-slate-200\")}>\n   |                           ^\n118|            <CardHeader className=\"pb-4\">\n119|              <CardTitle className={cn(\"text-base font-semibold\", theme === \"dark\" ? \"text-slate-200\" : \"text-slate-900\")}>Monthly Overview</CardTitle>"}
[RUNTIME_ERROR]{"type":"runtime-error","timestamp":1775496436861,"name":"Error","message":"cn is not defined","stack":"    at ChartsSection C:/Users/HP/Desktop/nexora/artifacts/fintech-dashboard/src/components/dashboard/ChartsSection.tsx:117:26\n\n\n\n\n\n\n\n\n","loc":{"line":117,"column":26,"file":"C:/Users/HP/Desktop/nexora/artifacts/fintech-dashboard/src/components/dashboard/ChartsSection.tsx"},"frame":"115|          className=\"md:col-span-4 lg:col-span-5\"\n116|        >\n117|          <Card className={cn(\"h-full hover:border-slate-600/50 transition-colors\", theme === \"dark\" ? \"bg-[#1e293b]/80 border-slate-700/50\" : \"bg-white border-slate-200\")}>\n   |                           ^\n118|            <CardHeader className=\"pb-4\">\n119|              <CardTitle className={cn(\"text-base font-semibold\", theme === \"dark\" ? \"text-slate-200\" : \"text-slate-900\")}>Monthly Overview</CardTitle>"}
[2m10:57:24 pm[22m [33m[1m[vite][22m[39m [33m[2m(client)[22m[39m [33mwarning: [33mDuplicate "className" attribute in JSX element[33m
42 |            <div key={index} className="flex items-center justify-between gap-4 text-sm">
43 |                <div className="flex items-center gap-2">
44 |  ...olor: entry.color, boxShadow: `0 0 0 1px ${entry.color}` }} className={cn("ring-slate-900", theme === "light" && "...
   |                                                                 ^
45 |                  <span className={cn("font-medium", theme === "dark" ? "text-slate-400" : "text-slate-600")}>{entry.na...
46 |                </div>
[39m
  Plugin: [35mvite:esbuild[39m
  File: [36mC:/Users/HP/Desktop/nexora/artifacts/fintech-dashboard/src/components/dashboard/ChartsSection.tsx[39m
[RUNTIME_ERROR]{"type":"runtime-error","timestamp":1775496445877,"name":"Error","message":"cn is not defined","stack":"    at ChartsSection C:/Users/HP/Desktop/nexora/artifacts/fintech-dashboard/src/components/dashboard/ChartsSection.tsx:117:26\n\n\n\n\n\n\n\n\n","loc":{"line":117,"column":26,"file":"C:/Users/HP/Desktop/nexora/artifacts/fintech-dashboard/src/components/dashboard/ChartsSection.tsx"},"frame":"115|          className=\"md:col-span-4 lg:col-span-5\"\n116|        >\n117|          <Card className={cn(\"h-full hover:border-slate-600/50 transition-colors\", theme === \"dark\" ? \"bg-[#1e293b]/80 border-slate-700/50\" : \"bg-white border-slate-200\")}>\n   |                           ^\n118|            <CardHeader className=\"pb-4\">\n119|              <CardTitle className={cn(\"text-base font-semibold\", theme === \"dark\" ? \"text-slate-200\" : \"text-slate-900\")}>Monthly Overview</CardTitle>"}
[2m10:57:51 pm[22m [33m[1m[vite][22m[39m [33m[2m(client)[22m[39m [33mwarning: [33mDuplicate "className" attribute in JSX element[33m
43 |            <div key={index} className="flex items-center justify-between gap-4 text-sm">
44 |                <div className="flex items-center gap-2">
45 |  ...olor: entry.color, boxShadow: `0 0 0 1px ${entry.color}` }} className={cn("ring-slate-900", theme === "light" && "...
   |                                                                 ^
46 |                  <span className={cn("font-medium", theme === "dark" ? "text-slate-400" : "text-slate-600")}>{entry.na...
47 |                </div>
[39m
  Plugin: [35mvite:esbuild[39m
  File: [36mC:/Users/HP/Desktop/nexora/artifacts/fintech-dashboard/src/components/dashboard/ChartsSection.tsx[39m
[RUNTIME_ERROR]{"type":"runtime-error","timestamp":1775496471848,"name":"Error","message":"cn is not defined","stack":"    at InsightsSection C:/Users/HP/Desktop/nexora/artifacts/fintech-dashboard/src/components/dashboard/InsightsSection.tsx:34:24\n\n\n\n\n\n\n\n\n","loc":{"line":34,"column":24,"file":"C:/Users/HP/Desktop/nexora/artifacts/fintech-dashboard/src/components/dashboard/InsightsSection.tsx"},"frame":"32 |        >\n33 |          <Sparkles className=\"h-5 w-5 text-indigo-400\" />\n34 |          <h2 className={cn(\"text-lg font-semibold tracking-tight\", theme === \"dark\" ? \"text-slate-100\" : \"text-slate-900\")}>AI Insights</h2>\n   |                         ^\n35 |        </motion.div>\n36 |        "}
[RUNTIME_ERROR]{"type":"runtime-error","timestamp":1775496474883,"name":"Error","message":"cn is not defined","stack":"    at InsightsSection C:/Users/HP/Desktop/nexora/artifacts/fintech-dashboard/src/components/dashboard/InsightsSection.tsx:34:24\n\n\n\n\n\n\n\n\n","loc":{"line":34,"column":24,"file":"C:/Users/HP/Desktop/nexora/artifacts/fintech-dashboard/src/components/dashboard/InsightsSection.tsx"},"frame":"32 |        >\n33 |          <Sparkles className=\"h-5 w-5 text-indigo-400\" />\n34 |          <h2 className={cn(\"text-lg font-semibold tracking-tight\", theme === \"dark\" ? \"text-slate-100\" : \"text-slate-900\")}>AI Insights</h2>\n   |                         ^\n35 |        </motion.div>\n36 |        "}
[RUNTIME_ERROR]{"type":"runtime-error","timestamp":1775497692042,"name":"Error","message":"Element type is invalid: expected a string (for built-in components) or a class/function (for composite components) but got: object. You likely forgot to export your component from the file it's defined in, or you might have mixed up default and named imports.\n\nCheck the render method of `Goals`.","stack":"\n\n\n\n\n\n\n\n\n"}
[2m11:18:33 pm[22m [31m[1m[vite][22m[39m [31m[2m(client)[22m[39m Pre-transform error: C:\Users\HP\Desktop\nexora\artifacts\fintech-dashboard\src\components\transactions\TransactionList.tsx: Unexpected token, expected "," (279:16)

[0m [90m 277 |[39m                 [33m<[39m[33m/[39m[33mbutton[39m[33m>[39m
 [90m 278 |[39m                 [33m<[39m[33m/[39m[33mmotion[39m[33m.[39mdiv[33m>[39m
[31m[1m>[22m[39m[90m 279 |[39m               ))}
 [90m     |[39m                 [31m[1m^[22m[39m
 [90m 280 |[39m             )}
 [90m 281 |[39m           [33m<[39m[33m/[39m[33mAnimatePresence[39m[33m>[39m
 [90m 282 |[39m         [33m<[39m[33m/[39m[33mdiv[39m[33m>[39m[0m
  Plugin: [35mvite:react-babel[39m
  File: [36mC:/Users/HP/Desktop/nexora/artifacts/fintech-dashboard/src/components/transactions/TransactionList.tsx[39m:279:16
[33m  277 |                  </button>
  278 |                  </motion.div>
  279 |                ))}
      |                  ^
  280 |              )}
  281 |            </AnimatePresence>[39m
[2m11:18:33 pm[22m [31m[1m[vite][22m[39m [31mInternal server error: C:\Users\HP\Desktop\nexora\artifacts\fintech-dashboard\src\components\transactions\TransactionList.tsx: Unexpected token, expected "," (279:16)

[0m [90m 277 |[31m                 [33m<[31m[33m/[31m[33mbutton[31m[33m>[31m
 [90m 278 |[31m                 [33m<[31m[33m/[31m[33mmotion[31m[33m.[31mdiv[33m>[31m
[31m[1m>[22m[31m[90m 279 |[31m               ))}
 [90m     |[31m                 [31m[1m^[22m[31m
 [90m 280 |[31m             )}
 [90m 281 |[31m           [33m<[31m[33m/[31m[33mAnimatePresence[31m[33m>[31m
 [90m 282 |[31m         [33m<[31m[33m/[31m[33mdiv[31m[33m>[31m[0m[39m
  Plugin: [35mvite:react-babel[39m
  File: [36mC:/Users/HP/Desktop/nexora/artifacts/fintech-dashboard/src/components/transactions/TransactionList.tsx[39m:279:16
[33m  277 |                  </button>
  278 |                  </motion.div>
  279 |                ))}
      |                  ^
  280 |              )}
  281 |            </AnimatePresence>[39m
      at constructor (C:\Users\HP\Desktop\nexora\node_modules\.pnpm\@babel+parser@7.29.0\node_modules\@babel\parser\lib\index.js:365:19)
      at TypeScriptParserMixin.raise (C:\Users\HP\Desktop\nexora\node_modules\.pnpm\@babel+parser@7.29.0\node_modules\@babel\parser\lib\index.js:6599:19)
      at TypeScriptParserMixin.unexpected (C:\Users\HP\Desktop\nexora\node_modules\.pnpm\@babel+parser@7.29.0\node_modules\@babel\parser\lib\index.js:6619:16)
      at TypeScriptParserMixin.expect (C:\Users\HP\Desktop\nexora\node_modules\.pnpm\@babel+parser@7.29.0\node_modules\@babel\parser\lib\index.js:6899:12)
      at TypeScriptParserMixin.parseParenAndDistinguishExpression (C:\Users\HP\Desktop\nexora\node_modules\.pnpm\@babel+parser@7.29.0\node_modules\@babel\parser\lib\index.js:11661:14)
      at TypeScriptParserMixin.parseExprAtom (C:\Users\HP\Desktop\nexora\node_modules\.pnpm\@babel+parser@7.29.0\node_modules\@babel\parser\lib\index.js:11331:23)
      at TypeScriptParserMixin.parseExprAtom (C:\Users\HP\Desktop\nexora\node_modules\.pnpm\@babel+parser@7.29.0\node_modules\@babel\parser\lib\index.js:4764:20)
      at TypeScriptParserMixin.parseExprSubscripts (C:\Users\HP\Desktop\nexora\node_modules\.pnpm\@babel+parser@7.29.0\node_modules\@babel\parser\lib\index.js:11081:23)
      at TypeScriptParserMixin.parseUpdate (C:\Users\HP\Desktop\nexora\node_modules\.pnpm\@babel+parser@7.29.0\node_modules\@babel\parser\lib\index.js:11066:21)
      at TypeScriptParserMixin.parseMaybeUnary (C:\Users\HP\Desktop\nexora\node_modules\.pnpm\@babel+parser@7.29.0\node_modules\@babel\parser\lib\index.js:11046:23)
      at TypeScriptParserMixin.parseMaybeUnary (C:\Users\HP\Desktop\nexora\node_modules\.pnpm\@babel+parser@7.29.0\node_modules\@babel\parser\lib\index.js:9837:18)
      at TypeScriptParserMixin.parseMaybeUnaryOrPrivate (C:\Users\HP\Desktop\nexora\node_modules\.pnpm\@babel+parser@7.29.0\node_modules\@babel\parser\lib\index.js:10899:61)
      at TypeScriptParserMixin.parseExprOps (C:\Users\HP\Desktop\nexora\node_modules\.pnpm\@babel+parser@7.29.0\node_modules\@babel\parser\lib\index.js:10904:23)
      at TypeScriptParserMixin.parseMaybeConditional (C:\Users\HP\Desktop\nexora\node_modules\.pnpm\@babel+parser@7.29.0\node_modules\@babel\parser\lib\index.js:10881:23)
      at TypeScriptParserMixin.parseMaybeAssign (C:\Users\HP\Desktop\nexora\node_modules\.pnpm\@babel+parser@7.29.0\node_modules\@babel\parser\lib\index.js:10831:21)
      at TypeScriptParserMixin.parseMaybeAssign (C:\Users\HP\Desktop\nexora\node_modules\.pnpm\@babel+parser@7.29.0\node_modules\@babel\parser\lib\index.js:9786:20)
      at TypeScriptParserMixin.parseConditional (C:\Users\HP\Desktop\nexora\node_modules\.pnpm\@babel+parser@7.29.0\node_modules\@babel\parser\lib\index.js:10893:29)
      at TypeScriptParserMixin.parseConditional (C:\Users\HP\Desktop\nexora\node_modules\.pnpm\@babel+parser@7.29.0\node_modules\@babel\parser\lib\index.js:9603:18)
      at TypeScriptParserMixin.parseMaybeConditional (C:\Users\HP\Desktop\nexora\node_modules\.pnpm\@babel+parser@7.29.0\node_modules\@babel\parser\lib\index.js:10885:17)
      at TypeScriptParserMixin.parseMaybeAssign (C:\Users\HP\Desktop\nexora\node_modules\.pnpm\@babel+parser@7.29.0\node_modules\@babel\parser\lib\index.js:10831:21)
      at TypeScriptParserMixin.parseMaybeAssign (C:\Users\HP\Desktop\nexora\node_modules\.pnpm\@babel+parser@7.29.0\node_modules\@babel\parser\lib\index.js:9786:20)
      at TypeScriptParserMixin.parseExpressionBase (C:\Users\HP\Desktop\nexora\node_modules\.pnpm\@babel+parser@7.29.0\node_modules\@babel\parser\lib\index.js:10784:23)
      at C:\Users\HP\Desktop\nexora\node_modules\.pnpm\@babel+parser@7.29.0\node_modules\@babel\parser\lib\index.js:10780:39
      at TypeScriptParserMixin.allowInAnd (C:\Users\HP\Desktop\nexora\node_modules\.pnpm\@babel+parser@7.29.0\node_modules\@babel\parser\lib\index.js:12426:12)
      at TypeScriptParserMixin.parseExpression (C:\Users\HP\Desktop\nexora\node_modules\.pnpm\@babel+parser@7.29.0\node_modules\@babel\parser\lib\index.js:10780:17)
      at TypeScriptParserMixin.jsxParseExpressionContainer (C:\Users\HP\Desktop\nexora\node_modules\.pnpm\@babel+parser@7.29.0\node_modules\@babel\parser\lib\index.js:4632:31)
      at TypeScriptParserMixin.jsxParseElementAt (C:\Users\HP\Desktop\nexora\node_modules\.pnpm\@babel+parser@7.29.0\node_modules\@babel\parser\lib\index.js:4711:36)
      at TypeScriptParserMixin.jsxParseElementAt (C:\Users\HP\Desktop\nexora\node_modules\.pnpm\@babel+parser@7.29.0\node_modules\@babel\parser\lib\index.js:4698:32)
      at TypeScriptParserMixin.jsxParseElementAt (C:\Users\HP\Desktop\nexora\node_modules\.pnpm\@babel+parser@7.29.0\node_modules\@babel\parser\lib\index.js:4698:32)
      at TypeScriptParserMixin.jsxParseElement (C:\Users\HP\Desktop\nexora\node_modules\.pnpm\@babel+parser@7.29.0\node_modules\@babel\parser\lib\index.js:4749:17)
      at TypeScriptParserMixin.parseExprAtom (C:\Users\HP\Desktop\nexora\node_modules\.pnpm\@babel+parser@7.29.0\node_modules\@babel\parser\lib\index.js:4759:19)
      at TypeScriptParserMixin.parseExprSubscripts (C:\Users\HP\Desktop\nexora\node_modules\.pnpm\@babel+parser@7.29.0\node_modules\@babel\parser\lib\index.js:11081:23)
      at TypeScriptParserMixin.parseUpdate (C:\Users\HP\Desktop\nexora\node_modules\.pnpm\@babel+parser@7.29.0\node_modules\@babel\parser\lib\index.js:11066:21)
      at TypeScriptParserMixin.parseMaybeUnary (C:\Users\HP\Desktop\nexora\node_modules\.pnpm\@babel+parser@7.29.0\node_modules\@babel\parser\lib\index.js:11046:23)
      at TypeScriptParserMixin.parseMaybeUnary (C:\Users\HP\Desktop\nexora\node_modules\.pnpm\@babel+parser@7.29.0\node_modules\@babel\parser\lib\index.js:9837:18)
      at TypeScriptParserMixin.parseMaybeUnaryOrPrivate (C:\Users\HP\Desktop\nexora\node_modules\.pnpm\@babel+parser@7.29.0\node_modules\@babel\parser\lib\index.js:10899:61)
      at TypeScriptParserMixin.parseExprOps (C:\Users\HP\Desktop\nexora\node_modules\.pnpm\@babel+parser@7.29.0\node_modules\@babel\parser\lib\index.js:10904:23)
      at TypeScriptParserMixin.parseMaybeConditional (C:\Users\HP\Desktop\nexora\node_modules\.pnpm\@babel+parser@7.29.0\node_modules\@babel\parser\lib\index.js:10881:23)
      at TypeScriptParserMixin.parseMaybeAssign (C:\Users\HP\Desktop\nexora\node_modules\.pnpm\@babel+parser@7.29.0\node_modules\@babel\parser\lib\index.js:10831:21)
      at C:\Users\HP\Desktop\nexora\node_modules\.pnpm\@babel+parser@7.29.0\node_modules\@babel\parser\lib\index.js:9775:39
      at TypeScriptParserMixin.tryParse (C:\Users\HP\Desktop\nexora\node_modules\.pnpm\@babel+parser@7.29.0\node_modules\@babel\parser\lib\index.js:6907:20)
      at TypeScriptParserMixin.parseMaybeAssign (C:\Users\HP\Desktop\nexora\node_modules\.pnpm\@babel+parser@7.29.0\node_modules\@babel\parser\lib\index.js:9775:18)
      at C:\Users\HP\Desktop\nexora\node_modules\.pnpm\@babel+parser@7.29.0\node_modules\@babel\parser\lib\index.js:10800:39
      at TypeScriptParserMixin.allowInAnd (C:\Users\HP\Desktop\nexora\node_modules\.pnpm\@babel+parser@7.29.0\node_modules\@babel\parser\lib\index.js:12426:12)
      at TypeScriptParserMixin.parseMaybeAssignAllowIn (C:\Users\HP\Desktop\nexora\node_modules\.pnpm\@babel+parser@7.29.0\node_modules\@babel\parser\lib\index.js:10800:17)
      at TypeScriptParserMixin.parseMaybeAssignAllowInOrVoidPattern (C:\Users\HP\Desktop\nexora\node_modules\.pnpm\@babel+parser@7.29.0\node_modules\@babel\parser\lib\index.js:12493:17)
      at TypeScriptParserMixin.parseParenAndDistinguishExpression (C:\Users\HP\Desktop\nexora\node_modules\.pnpm\@babel+parser@7.29.0\node_modules\@babel\parser\lib\index.js:11675:28)
      at TypeScriptParserMixin.parseExprAtom (C:\Users\HP\Desktop\nexora\node_modules\.pnpm\@babel+parser@7.29.0\node_modules\@babel\parser\lib\index.js:11331:23)
      at TypeScriptParserMixin.parseExprAtom (C:\Users\HP\Desktop\nexora\node_modules\.pnpm\@babel+parser@7.29.0\node_modules\@babel\parser\lib\index.js:4764:20)
      at TypeScriptParserMixin.parseExprSubscripts (C:\Users\HP\Desktop\nexora\node_modules\.pnpm\@babel+parser@7.29.0\node_modules\@babel\parser\lib\index.js:11081:23)
[RUNTIME_ERROR]{"type":"runtime-error","timestamp":1775497713462,"name":"Error","message":"Failed to fetch dynamically imported module: http://localhost:5173/src/pages/Transactions.tsx?t=1775497697114","stack":""}
[RUNTIME_ERROR]{"type":"runtime-error","timestamp":1775498889176,"name":"Error","message":"Element type is invalid: expected a string (for built-in components) or a class/function (for composite components) but got: object. You likely forgot to export your component from the file it's defined in, or you might have mixed up default and named imports.\n\nCheck the render method of `Goals`.","stack":"\n\n\n\n\n\n\n\n\n"}
[RUNTIME_ERROR]{"type":"runtime-error","timestamp":1775498916211,"name":"Error","message":"Element type is invalid: expected a string (for built-in components) or a class/function (for composite components) but got: object. You likely forgot to export your component from the file it's defined in, or you might have mixed up default and named imports.\n\nCheck the render method of `Goals`.","stack":"\n\n\n\n\n\n\n\n\n"}
[RUNTIME_ERROR]{"type":"runtime-error","timestamp":1775498918431,"name":"Error","message":"Element type is invalid: expected a string (for built-in components) or a class/function (for composite components) but got: object. You likely forgot to export your component from the file it's defined in, or you might have mixed up default and named imports.\n\nCheck the render method of `Goals`.","stack":"\n\n\n\n\n\n\n\n\n"}
[RUNTIME_ERROR]{"type":"runtime-error","timestamp":1775499006776,"name":"Error","message":"Element type is invalid: expected a string (for built-in components) or a class/function (for composite components) but got: object. You likely forgot to export your component from the file it's defined in, or you might have mixed up default and named imports.\n\nCheck the render method of `Goals`.","stack":"\n\n\n\n\n\n\n\n\n"}
[RUNTIME_ERROR]{"type":"runtime-error","timestamp":1775499009780,"name":"Error","message":"Element type is invalid: expected a string (for built-in components) or a class/function (for composite components) but got: object. You likely forgot to export your component from the file it's defined in, or you might have mixed up default and named imports.\n\nCheck the render method of `Goals`.","stack":"\n\n\n\n\n\n\n\n\n"}
[RUNTIME_ERROR]{"type":"runtime-error","timestamp":1775499021781,"name":"Error","message":"Element type is invalid: expected a string (for built-in components) or a class/function (for composite components) but got: object. You likely forgot to export your component from the file it's defined in, or you might have mixed up default and named imports.\n\nCheck the render method of `Goals`.","stack":"\n\n\n\n\n\n\n\n\n"}
[RUNTIME_ERROR]{"type":"runtime-error","timestamp":1775499023781,"name":"Error","message":"Element type is invalid: expected a string (for built-in components) or a class/function (for composite components) but got: object. You likely forgot to export your component from the file it's defined in, or you might have mixed up default and named imports.\n\nCheck the render method of `Goals`.","stack":"\n\n\n\n\n\n\n\n\n"}
[RUNTIME_ERROR]{"type":"runtime-error","timestamp":1775499039778,"name":"Error","message":"Element type is invalid: expected a string (for built-in components) or a class/function (for composite components) but got: object. You likely forgot to export your component from the file it's defined in, or you might have mixed up default and named imports.\n\nCheck the render method of `Goals`.","stack":"\n\n\n\n\n\n\n\n\n"}
[RUNTIME_ERROR]{"type":"runtime-error","timestamp":1775499040786,"name":"Error","message":"Element type is invalid: expected a string (for built-in components) or a class/function (for composite components) but got: object. You likely forgot to export your component from the file it's defined in, or you might have mixed up default and named imports.\n\nCheck the render method of `Goals`.","stack":"\n\n\n\n\n\n\n\n\n"}
[RUNTIME_ERROR]{"type":"runtime-error","timestamp":1775499070788,"name":"Error","message":"Element type is invalid: expected a string (for built-in components) or a class/function (for composite components) but got: object. You likely forgot to export your component from the file it's defined in, or you might have mixed up default and named imports.\n\nCheck the render method of `Goals`.","stack":"\n\n\n\n\n\n\n\n\n"}
[RUNTIME_ERROR]{"type":"runtime-error","timestamp":1775499074784,"name":"Error","message":"Element type is invalid: expected a string (for built-in components) or a class/function (for composite components) but got: object. You likely forgot to export your component from the file it's defined in, or you might have mixed up default and named imports.\n\nCheck the render method of `Goals`.","stack":"\n\n\n\n\n\n\n\n\n"}
[RUNTIME_ERROR]{"type":"runtime-error","timestamp":1775499127787,"name":"Error","message":"Element type is invalid: expected a string (for built-in components) or a class/function (for composite components) but got: object. You likely forgot to export your component from the file it's defined in, or you might have mixed up default and named imports.\n\nCheck the render method of `Goals`.","stack":"\n\n\n\n\n\n\n\n\n"}
[RUNTIME_ERROR]{"type":"runtime-error","timestamp":1775499128775,"name":"Error","message":"Element type is invalid: expected a string (for built-in components) or a class/function (for composite components) but got: object. You likely forgot to export your component from the file it's defined in, or you might have mixed up default and named imports.\n\nCheck the render method of `Goals`.","stack":"\n\n\n\n\n\n\n\n\n"}
[RUNTIME_ERROR]{"type":"runtime-error","timestamp":1775499182156,"name":"Error","message":"Element type is invalid: expected a string (for built-in components) or a class/function (for composite components) but got: object. You likely forgot to export your component from the file it's defined in, or you might have mixed up default and named imports.\n\nCheck the render method of `Goals`.","stack":"\n\n\n\n\n\n\n\n\n"}
[RUNTIME_ERROR]{"type":"runtime-error","timestamp":1775499183806,"name":"Error","message":"Element type is invalid: expected a string (for built-in components) or a class/function (for composite components) but got: object. You likely forgot to export your component from the file it's defined in, or you might have mixed up default and named imports.\n\nCheck the render method of `Goals`.","stack":"\n\n\n\n\n\n\n\n\n"}
[RUNTIME_ERROR]{"type":"runtime-error","timestamp":1775499327084,"name":"Error","message":"Element type is invalid: expected a string (for built-in components) or a class/function (for composite components) but got: object. You likely forgot to export your component from the file it's defined in, or you might have mixed up default and named imports.\n\nCheck the render method of `Goals`.","stack":"\n\n\n\n\n\n\n\n\n"}
[RUNTIME_ERROR]{"type":"runtime-error","timestamp":1775499719855,"name":"Error","message":"InsightsSection is not defined","stack":"    at Dashboard C:/Users/HP/Desktop/nexora/artifacts/fintech-dashboard/src/pages/Dashboard.tsx:76:8\n\n\n\n\n\n\n\n\n","loc":{"line":76,"column":8,"file":"C:/Users/HP/Desktop/nexora/artifacts/fintech-dashboard/src/pages/Dashboard.tsx"},"frame":"74 |        <SummaryCards />\n75 |        <ChartsSection />\n76 |        <InsightsSection />\n   |         ^\n77 |      </main>\n78 |    );"}
[RUNTIME_ERROR]{"type":"runtime-error","timestamp":1775499721843,"name":"Error","message":"InsightsSection is not defined","stack":"    at Dashboard C:/Users/HP/Desktop/nexora/artifacts/fintech-dashboard/src/pages/Dashboard.tsx:76:8\n\n\n\n\n\n\n\n\n","loc":{"line":76,"column":8,"file":"C:/Users/HP/Desktop/nexora/artifacts/fintech-dashboard/src/pages/Dashboard.tsx"},"frame":"74 |        <SummaryCards />\n75 |        <ChartsSection />\n76 |        <InsightsSection />\n   |         ^\n77 |      </main>\n78 |    );"}
^C